0 info it worked if it ends with ok
1 verbose cli [ '/Users/benhalverson/.nvm/versions/node/v7.4.0/bin/node',
1 verbose cli   '/Users/benhalverson/.nvm/versions/node/v7.4.0/bin/npm',
1 verbose cli   'run',
1 verbose cli   'build' ]
2 info using npm@4.0.5
3 info using node@v7.4.0
4 verbose run-script [ 'prebuild', 'build', 'postbuild' ]
5 info lifecycle node-shopping-cart@1.0.0~prebuild: node-shopping-cart@1.0.0
6 silly lifecycle node-shopping-cart@1.0.0~prebuild: no script for prebuild, continuing
7 info lifecycle node-shopping-cart@1.0.0~build: node-shopping-cart@1.0.0
8 verbose lifecycle node-shopping-cart@1.0.0~build: unsafe-perm in lifecycle true
9 verbose lifecycle node-shopping-cart@1.0.0~build: PATH: /Users/benhalverson/.nvm/versions/node/v7.4.0/lib/node_modules/npm/bin/node-gyp-bin:/Users/benhalverson/projects/node-shopping-cart/node_modules/.bin:/opt/local/bin:/opt/local/sbin:/Users/benhalverson/.rvm/gems/ruby-2.2.0/bin:/Users/benhalverson/.rvm/gems/ruby-2.2.0@global/bin:/Users/benhalverson/.rvm/rubies/ruby-2.2.0/bin:/usr/local/heroku/bin:/Users/benhalverson/.nvm/versions/node/v7.4.0/bin:/usr/local/bin/mongod:/Users/benhalverson/.node/bin:/usr/local/sbin:/usr/local/bin:/usr/local/bin:/usr/bin:/bin:/usr/sbin:/sbin:/usr/local/git/bin:/usr/local/go/bin:/Users/benhalverson/go/bin:/usr/local/opt/go/libexec/bin:/Users/benhalverson/.rvm/bin
10 verbose lifecycle node-shopping-cart@1.0.0~build: CWD: /Users/benhalverson/projects/node-shopping-cart
11 silly lifecycle node-shopping-cart@1.0.0~build: Args: [ '-c', 'babel server.js -d build/ -s' ]
12 silly lifecycle node-shopping-cart@1.0.0~build: Returned: code: 1  signal: null
13 info lifecycle node-shopping-cart@1.0.0~build: Failed to exec build script
14 verbose stack Error: node-shopping-cart@1.0.0 build: `babel server.js -d build/ -s`
14 verbose stack Exit status 1
14 verbose stack     at EventEmitter.<anonymous> (/Users/benhalverson/.nvm/versions/node/v7.4.0/lib/node_modules/npm/lib/utils/lifecycle.js:279:16)
14 verbose stack     at emitTwo (events.js:106:13)
14 verbose stack     at EventEmitter.emit (events.js:191:7)
14 verbose stack     at ChildProcess.<anonymous> (/Users/benhalverson/.nvm/versions/node/v7.4.0/lib/node_modules/npm/lib/utils/spawn.js:40:14)
14 verbose stack     at emitTwo (events.js:106:13)
14 verbose stack     at ChildProcess.emit (events.js:191:7)
14 verbose stack     at maybeClose (internal/child_process.js:885:16)
14 verbose stack     at Process.ChildProcess._handle.onexit (internal/child_process.js:226:5)
15 verbose pkgid node-shopping-cart@1.0.0
16 verbose cwd /Users/benhalverson/projects/node-shopping-cart
17 error Darwin 14.5.0
18 error argv "/Users/benhalverson/.nvm/versions/node/v7.4.0/bin/node" "/Users/benhalverson/.nvm/versions/node/v7.4.0/bin/npm" "run" "build"
19 error node v7.4.0
20 error npm  v4.0.5
21 error code ELIFECYCLE
22 error node-shopping-cart@1.0.0 build: `babel server.js -d build/ -s`
22 error Exit status 1
23 error Failed at the node-shopping-cart@1.0.0 build script 'babel server.js -d build/ -s'.
23 error Make sure you have the latest version of node.js and npm installed.
23 error If you do, this is most likely a problem with the node-shopping-cart package,
23 error not with npm itself.
23 error Tell the author that this fails on your system:
23 error     babel server.js -d build/ -s
23 error You can get information on how to open an issue for this project with:
23 error     npm bugs node-shopping-cart
23 error Or if that isn't available, you can get their info via:
23 error     npm owner ls node-shopping-cart
23 error There is likely additional logging output above.
24 verbose exit [ 1, true ]
